loading and setting up data
solve the MILP problem with FJSS4_v2
the inferred big_m value with Runzhong version is 7144.0
Set parameter Username
Academic license - for non-commercial use only - expires 2025-01-27
Gurobi Optimizer version 11.0.0 build v11.0.0rc2 (linux64 - "Ubuntu 20.04.4 LTS")

CPU model: AMD Ryzen Threadripper PRO 3995WX 64-Cores, instruction set [SSE2|AVX|AVX2]
Thread count: 64 physical cores, 128 logical processors, using up to 32 threads

Optimize a model with 209160 rows, 57421 columns and 1059080 nonzeros
Model fingerprint: 0xa576151d
Variable types: 181 continuous, 57240 integer (57240 binary)
Coefficient statistics:
  Matrix range     [1e+00, 1e+07]
  Objective range  [1e+00, 1e+00]
  Bounds range     [1e-05, 1e+00]
  RHS range        [1e+00, 1e+07]
Presolve removed 34030 rows and 38615 columns (presolve time = 5s) ...
Presolve removed 34030 rows and 38615 columns
Presolve time: 7.15s
Presolved: 175130 rows, 18806 columns, 854150 nonzeros
Variable types: 181 continuous, 18625 integer (18625 binary)

Deterministic concurrent LP optimizer: primal and dual simplex (primal and dual model)
Showing primal log only...

Root relaxation presolved: 167120 rows, 26816 columns, 846140 nonzeros


Root simplex log...

Iteration    Objective       Primal Inf.    Dual Inf.      Time
       0    0.0000000e+00   1.142448e+02   4.010747e+09     15s
Concurrent spin time: 1.58s (can be avoided by choosing Method=3)

Solved with dual simplex

Root relaxation: objective 6.980000e+02, 4384 iterations, 3.98 seconds (1.46 work units)
Total elapsed time = 23.27s (DegenMoves)

    Nodes    |    Current Node    |     Objective Bounds      |     Work
 Expl Unexpl |  Obj  Depth IntInf | Incumbent    BestBd   Gap | It/Node Time

     0     0  698.00000    0  123          -  698.00000      -     -   25s
H    0     0                    2382.9999990  698.00000  70.7%     -   54s
     0     0  698.00000    0  123 2383.00000  698.00000  70.7%     -   59s
     0     0  698.00000    0   91 2383.00000  698.00000  70.7%     -   60s
     0     0  698.00000    0   99 2383.00000  698.00000  70.7%     -   61s
     0     0  698.00000    0   95 2383.00000  698.00000  70.7%     -   62s
     0     0  698.00000    0  170 2383.00000  698.00000  70.7%     -   62s
     0     0  698.00000    0  137 2383.00000  698.00000  70.7%     -   62s
     0     0  698.00000    0  138 2383.00000  698.00000  70.7%     -   63s
     0     0  698.00000    0  138 2383.00000  698.00000  70.7%     -   63s
H    0     0                    1943.9999996  698.00000  64.1%     -   64s
     0     0  698.00000    0   91 1944.00000  698.00000  64.1%     -   64s
     0     0  698.00000    0   97 1944.00000  698.00000  64.1%     -   65s
     0     0  698.00000    0  105 1944.00000  698.00000  64.1%     -   66s
     0     0  698.00000    0   96 1944.00000  698.00000  64.1%     -   66s
     0     0  698.00000    0  128 1944.00000  698.00000  64.1%     -   68s
     0     0  698.00000    0  125 1944.00000  698.00000  64.1%     -   68s
H    0     0                    1943.9999994  698.00000  64.1%     -   74s
     0     2  698.00000    0   73 1944.00000  698.00000  64.1%     -   75s
H   91   104                    1933.9999996  698.00000  63.9%   356   78s
   187   197  698.00000   10   97 1934.00000  698.00000  63.9%   315   84s
   219   229  698.00000   11  104 1934.00000  698.00000  63.9%   293   85s
H  247   229                    1792.9999996  698.00000  61.1%   276   85s
H  443   414                    1721.9999996  698.00000  59.5%   211  111s
H  445   414                    1696.9999996  698.00000  58.9%   210  111s
H  447   414                    1680.9999996  698.00000  58.5%   211  111s
H  476   444                    1677.9999996  698.00000  58.4%   204  127s
H  477   444                    1648.9999996  698.00000  57.7%   204  127s
   864  1135  802.00000   24   96 1649.00000  698.00000  57.7%   161  145s
H 1098  1135                    1623.9999996  698.00000  57.0%   152  145s
  4499  4058 1300.00000   38   54 1624.00000  698.00000  57.0%  98.3  150s
  5390  4060  867.00000   27  102 1624.00000  698.00000  57.0%  95.4  155s
  5395  4064 1002.00000   28  132 1624.00000  698.00000  57.0%  95.3  163s
  5396  4064 1197.00000   41  127 1624.00000  698.00000  57.0%  95.3  165s
  5399  4066  698.00000   22  149 1624.00000  698.00000  57.0%  95.2  170s
  5403  4069 1083.00000   21  138 1624.00000  698.00000  57.0%  95.2  178s
  5405  4070 1154.41140   43  164 1624.00000  698.00000  57.0%  95.1  182s
  5407  4072 1013.00000   33  171 1624.00000  698.00000  57.0%  95.1  187s
  5408  4072 1326.00000   74  145 1624.00000  698.00000  57.0%  95.1  190s
  5410  4074  741.00000   35  114 1624.00000  698.00000  57.0%  95.0  195s
  5442  4128  698.00000   17  186 1624.00000  698.00000  57.0%   102  202s
H 5506  3949                    1596.9999996  698.00000  56.3%   110  246s
H 5515  3753                    1560.9999996  698.00000  55.3%   112  246s
H 5570  3613                    1182.9999998  698.00000  41.0%   115  279s
  5602  3646  698.00000   20  154 1183.00000  698.00000  41.0%   116  280s
  5879  4236  698.00000   23  160 1183.00000  698.00000  41.0%   124  287s
  6398  4592  698.00000   28  180 1183.00000  698.00000  41.0%   131  293s
  7139  5524  698.00000   33  160 1183.00000  698.00000  41.0%   137  301s
H 7674  5171                    1179.0000000  698.00000  40.8%   139  301s
H 8687  5411                    1178.9999999  698.00000  40.8%   141  307s
H 9704  4908                    1168.0000000  698.00000  40.2%   143  308s
* 9720  4705             140    1158.0000000  698.00000  39.7%   143  308s
  9856  5414  904.00000   36  160 1158.00000  698.00000  39.7%   143  314s
 11086  5682  804.00000   41  104 1158.00000  698.00000  39.7%   149  321s
H11161  5515                    1157.9999998  698.00000  39.7%   150  321s
 12209  5674  820.00000   48  195 1158.00000  698.00000  39.7%   156  329s
H12314  5490                    1153.9999998  698.00000  39.5%   156  329s
 13063  6282  738.00000   38  150 1154.00000  698.00000  39.5%   160  340s
H14598  7183                    1150.9999997  698.00000  39.4%   167  351s
H16162  8276                    1147.9999999  698.00000  39.2%   172  362s
H17998  9390                    1143.9999999  698.00000  39.0%   175  375s
H19810  9390                    1143.9999998  698.00000  39.0%   176  375s
 19896 10424  698.00000   32  157 1144.00000  698.00000  39.0%   177  387s
H20452 10356                    1140.0000000  698.00000  38.8%   177  387s
*20795 10313              88    1136.0000000  698.00000  38.6%   177  388s
 21632 11539  713.00000   30  144 1136.00000  698.00000  38.6%   176  403s
H23747 12613                    1125.0000000  698.00000  38.0%   178  418s
H24869 12613                    1124.9999998  698.00000  38.0%   179  418s
 26005 13704  698.57757   32  167 1125.00000  698.00000  38.0%   179  434s
 28055 14986 1052.00000   61   84 1125.00000  698.00000  38.0%   183  452s
 29994 16827  725.00000   42  204 1125.00000  698.00000  38.0%   185  478s
H30208 16630                    1117.9999998  698.00000  37.6%   185  478s
 33303 17775  709.64037   30  258 1118.00000  698.00000  37.6%   186  527s
H33506 17280                    1101.9999998  698.00000  36.7%   187  527s
 35214 18968  725.00000   31  206 1102.00000  698.00000  36.7%   188  551s
 38215 20440  698.00000   44  186 1102.00000  698.00000  36.7%   191  609s
 41306 22162  698.00000   23  198 1102.00000  698.00000  36.7%   193  636s
 44350 22442 infeasible   56      1102.00000  698.00000  36.7%   194  745s
H44570 22409                    1101.9999997  698.00000  36.7%   194  745s
H44722 22008                    1091.9999998  698.00000  36.1%   194  745s
H44889 23288                    1083.9999998  698.00000  35.6%   195  785s
H45169 23145                    1081.9999998  698.00000  35.5%   194  785s
H45373 22459                    1073.9999998  698.00000  35.0%   195  785s
*45711 22091              94    1064.0000000  698.00000  34.4%   195  785s
H46822 20875                    1046.9999998  698.00000  33.3%   195  785s
H47311 20698                    1042.9999997  698.00000  33.1%   196  785s
 48245 20446  698.00000   23  150 1043.00000  698.00000  33.1%   196  837s
H48308 20446                    1042.9999994  698.00000  33.1%   196  837s
 48309 22116  698.00000   24  146 1043.00000  698.00000  33.1%   196  872s
H51817 23339                    1035.9999998  698.00000  32.6%   199  907s
 54984 25041 infeasible   43      1036.00000  698.00000  32.6%   202  946s
 58878 26964  990.00000   66   80 1036.00000  698.00000  32.6%   204 1087s
 63020 28588 infeasible   50      1036.00000  698.00000  32.6%   207 1126s
H63023 27611                    1022.9999998  698.00000  31.8%   207 1126s
 66357 29200  839.00000   32  154 1023.00000  698.00000  31.8%   210 1169s
 68744 29200  706.50000   53  107 1023.00000  698.00000  31.8%   212 1170s
 70033 30396  971.00000   37  136 1023.00000  698.00000  31.8%   213 1251s
H70835 29638                    1014.9999997  698.00000  31.2%   213 1251s
 72956 31080  698.02019   35  351 1015.00000  698.00000  31.2%   215 1306s
H73076 27872                     994.0000000  698.00000  29.8%   215 1306s
H77026 27808                     984.0000000  698.00000  29.1%   218 1430s
H77026 27279                     978.9999998  698.00000  28.7%   218 1430s
H77462 26510                     969.0000000  698.00000  28.0%   219 1431s
H77618 26189                     968.9999998  698.00000  28.0%   219 1431s
H78955 23234                     927.0000000  698.00000  24.7%   221 1431s
 79386 24043 infeasible   42       927.00000  698.00000  24.7%   222 1489s
 82777 25249  872.00000   26  179  927.00000  698.00000  24.7%   229 1554s
H84357 24816                     920.9999998  698.00000  24.2%   232 1554s
H86606 20172                     871.9999998  698.00000  20.0%   236 1629s
H86863 20171                     871.9999997  698.00000  20.0%   236 1629s
 90175 19925  828.00000   30  123  872.00000  698.00000  20.0%   243 1646s
 90178 19927  822.00000   61  214  872.00000  698.00000  20.0%   243 1650s
 90180 19928  829.00000   27   96  872.00000  698.00000  20.0%   243 1655s
 90182 19930  698.00000   37   98  872.00000  698.00000  20.0%   243 1660s
 90185 19932  799.00000   46  169  872.00000  698.00000  20.0%   243 1665s
 90188 19934  736.83101   26   80  872.00000  698.00000  20.0%   243 1672s
 90190 19935  814.00000   38   96  872.00000  698.00000  20.0%   243 1676s
 90192 19936  818.00000   34   93  872.00000  698.00000  20.0%   243 1681s
 90194 19938  721.23179   40  126  872.00000  698.00000  20.0%   243 1685s
 90197 19943  698.00000   27   67  872.00000  698.00000  20.0%   243 1690s
 90227 19991  698.00000   31  250  872.00000  698.00000  20.0%   243 1696s
H90291 19022                     871.9999994  698.00000  20.0%   244 1718s
 90355 19060  698.00000   33  226  872.00000  698.00000  20.0%   244 1720s
 90428 19100  698.00000   34  222  872.00000  698.00000  20.0%   244 1742s
H90440 18149                     870.9999998  698.00000  19.9%   244 1742s
 90462 18173  698.00000   35  199  871.00000  698.00000  19.9%   244 1756s
H90485 17266                     870.9999997  698.00000  19.9%   244 1756s
 90494 17306  698.00000   35  222  871.00000  698.00000  19.9%   244 1761s
 90610 17457  698.00000   36  208  871.00000  698.00000  19.9%   244 1766s
 90776 17619  698.00000   37  185  871.00000  698.00000  19.9%   244 1770s
 91381 17875  698.00000   43  204  871.00000  698.00000  19.9%   244 1779s
 91832 18019  698.22279   45  210  871.00000  698.00000  19.9%   244 1787s
 92375 18173  698.22279   48  215  871.00000  698.00000  19.9%   245 1796s
 93165 18306  699.49557   51  198  871.00000  698.00000  19.9%   245 1810s
 94148 18241  767.00000   58  154  871.00000  698.00000  19.9%   245 1825s
 94891 18460 infeasible   56       871.00000  698.00000  19.9%   246 1843s
H94921 17595                     870.9999995  698.00000  19.9%   246 1843s
H95706 16520                     870.9998997  698.00000  19.9%   246 1843s
 95961 16676  698.00000   40  197  870.99990  698.00000  19.9%   246 1938s
H96309 15767                     858.0000000  698.00000  18.6%   246 1939s
 96462 16593  698.00000   46  134  858.00000  698.00000  18.6%   246 1959s
H98431 16045                     857.9999997  698.00000  18.6%   247 1983s
H99750 14908                     857.9999994  698.00000  18.6%   247 1984s
 100666 15276  721.00000   58  162  858.00000  698.00000  18.6%   248 2015s
 102817 15511  698.00000   39  186  858.00000  698.00000  18.6%   249 2049s
H104011 14451                     857.9999992  698.00000  18.6%   250 2049s
 104274 14363  698.96566   47  139  858.00000  698.00000  18.6%   250 2050s
H104901 13526                     857.9999991  698.00000  18.6%   250 2050s
H105294 13570                     855.0000000  698.00000  18.4%   250 2083s
H106256 12674                     853.9999999  698.00000  18.3%   251 2084s
H106349 12075                     848.0000000  698.00000  17.7%   251 2084s
H107415 11199                     843.9999998  698.00000  17.3%   252 2085s
 107501 11932  698.24289   40  170  844.00000  698.00000  17.3%   252 2115s
H109833 11224                     832.0000000  698.00000  16.1%   253 2153s
H110602 10372                     824.9999998  698.00000  15.4%   254 2154s
 112249 10313 infeasible   47       825.00000  698.00000  15.4%   255 2196s
H112250  9871                     823.9999998  698.00000  15.3%   255 2196s
H113007  9201                     823.9999997  698.00000  15.3%   256 2196s
 114367  9410 infeasible   61       824.00000  698.00000  15.3%   257 2238s
 116594  9823  698.05848   42  223  824.00000  698.00000  15.3%   259 2283s
 118739 10280  698.00000   37  145  824.00000  698.00000  15.3%   262 2330s
H119862 10268                     822.0000000  698.00000  15.1%   263 2330s
 120850 10748  710.50000   45  198  822.00000  698.00000  15.1%   264 2382s
H121393 10748                     821.9999999  698.00000  15.1%   265 2382s
 123428 11235  698.00000   47  173  822.00000  698.00000  15.1%   267 2444s
 125127 11235  699.04987   49  199  822.00000  698.00000  15.1%   270 2445s
 126145 11929  747.00000   48  194  822.00000  698.00000  15.1%   271 2508s
 128273 11929  723.00000   47  134  822.00000  698.00000  15.1%   273 2510s
 129234 12606 infeasible   39       822.00000  698.00000  15.1%   274 2577s
 132372 13410 infeasible   49       822.00000  698.00000  15.1%   277 2651s
 136138 14311 infeasible   59       822.00000  698.00000  15.1%   280 2725s
H137360 14311                     821.9999998  698.00000  15.1%   281 2726s
 139570 15055 infeasible   44       822.00000  698.00000  15.1%   283 2830s
 142825 15912  705.00000   49  190  822.00000  698.00000  15.1%   285 2915s
 146585 16906  698.00000   41  146  822.00000  698.00000  15.1%   287 2999s
 149050 16906  698.00000   48  120  822.00000  698.00000  15.1%   289 3000s
 150949 16907  698.53116   57  123  822.00000  698.00000  15.1%   290 3027s
 150951 16908  702.05237   51   65  822.00000  698.00000  15.1%   290 3030s
 150954 16910  738.00000   60   71  822.00000  698.00000  15.1%   290 3036s
 150956 16912  809.00000   47   76  822.00000  698.00000  15.1%   290 3040s
 150960 16914  757.00000   43   99  822.00000  698.00000  15.1%   290 3046s
 150962 16916  738.00000   52   59  822.00000  698.00000  15.1%   290 3050s
 150964 16917  705.65217   41   45  822.00000  698.00000  15.1%   290 3055s
 150968 16920  752.00000   51   92  822.00000  698.00000  15.1%   290 3062s
 150970 16921  725.00000   60   57  822.00000  698.00000  15.1%   290 3065s
 150979 16933  698.00000   39  109  822.00000  698.00000  15.1%   290 3071s
 151025 16985  698.00000   42  155  822.00000  698.00000  15.1%   290 3076s
 151057 17004  698.00000   43  179  822.00000  698.00000  15.1%   290 3094s
H151058 16157                     821.9999995  698.00000  15.1%   290 3094s
H151059 15352                     821.9999993  698.00000  15.1%   290 3094s
H151066 14586                     821.9999992  698.00000  15.1%   290 3094s
H151077 13856                     821.9999991  698.00000  15.1%   290 3094s
 151089 13882  698.00000   43  162  822.00000  698.00000  15.1%   290 3096s
 151188 13949  698.00000   45  127  822.00000  698.00000  15.1%   290 3100s
 151259 13997  698.00000   46  114  822.00000  698.00000  15.1%   290 3105s
 151368 14117  698.00000   47  106  822.00000  698.00000  15.1%   291 3110s
 151774 14236  698.00000   52  183  822.00000  698.00000  15.1%   291 3141s
 151960 14406  701.91205   53  163  822.00000  698.00000  15.1%   291 3148s
 152375 14469  723.00000   57  154  822.00000  698.00000  15.1%   291 3155s
H152726 13663                     821.9999990  698.00000  15.1%   291 3155s
 152739 13903  698.00000   43  180  822.00000  698.00000  15.1%   291 3163s
 153354 13882 infeasible   53       822.00000  698.00000  15.1%   291 3244s
H153410 13209                     821.9999988  698.00000  15.1%   291 3244s
H153638 12510                     821.9999983  698.00000  15.1%   291 3244s
 153740 12649 infeasible   67       822.00000  698.00000  15.1%   291 3254s
 154383 12717  698.00000   50  153  822.00000  698.00000  15.1%   292 3316s
H154871 11964                     821.9999980  698.00000  15.1%   292 3316s
 154925 12273 infeasible   65       822.00000  698.00000  15.1%   292 3374s
 155813 12592  747.00000   49  114  822.00000  698.00000  15.1%   292 3391s
 157284 12565  723.00000   59  148  822.00000  698.00000  15.1%   292 3414s
 158564 12633  698.00000   53  130  822.00000  698.00000  15.1%   292 3472s
 159955 12829  698.02737   53  203  822.00000  698.00000  15.1%   293 3499s
 161970 12640  771.00000   51  120  822.00000  698.00000  15.1%   293 3571s
 163374 12899  733.00000   55  133  822.00000  698.00000  15.1%   293 3600s
 165542 12670  750.00000   54  134  822.00000  698.00000  15.1%   294 3687s
 167026 13000  698.11754   52  210  822.00000  698.00000  15.1%   294 3724s
 167165 12954  698.00000   53  126  822.00000  698.00000  15.1%   295 3725s
 169502 12938  698.00000   55  171  822.00000  698.00000  15.1%   295 3767s
 171989 12279 infeasible   62       822.00000  698.00000  15.1%   296 3860s
H172430 11571                     821.9999956  698.00000  15.1%   297 3860s
 172459 11846  701.83655   54  152  822.00000  698.00000  15.1%   297 3985s
H172541 11285                     821.9999953  698.00000  15.1%   297 3985s
 173622 11715  698.00000   51  117  822.00000  698.00000  15.1%   298 4051s
 176346 11615  699.33333   60  143  822.00000  698.00000  15.1%   299 4127s
 178933 11759  699.64828   56  132  822.00000  698.00000  15.1%   300 4204s
 182051 11789 infeasible   73       822.00000  698.00000  15.1%   301 4325s
H182798 11789                     821.9999910  698.00000  15.1%   302 4326s
 184648 12835  739.00000   61   82  821.99999  698.00000  15.1%   302 4412s
H184855 12835                     821.9999909  698.00000  15.1%   302 4412s
H187989 12835                     821.9999908  698.00000  15.1%   303 4414s
 188208 13615  748.00000   58  111  821.99999  698.00000  15.1%   304 4563s
H189060 13615                     821.9999907  698.00000  15.1%   304 4563s
 190992 13853  748.00000   59  100  821.99999  698.00000  15.1%   305 4756s
 191959 14766  748.00000   60  105  821.99999  698.00000  15.1%   305 4867s
 195531 15870  723.00000   62  127  821.99999  698.00000  15.1%   306 4976s
 199530 16826  775.00000   61  117  821.99999  698.00000  15.1%   308 5104s
 201656 16826  725.62162   50  162  821.99999  698.00000  15.1%   308 5105s
H202455 16548                     810.0000000  698.00000  13.8%   308 5105s
H203460 15981                     775.0000000  698.00000  9.94%   308 5207s
H204224 15975                     774.9999997  698.00000  9.94%   308 5207s
H207267 15945                     769.9999998  698.00000  9.35%   310 5324s
 207478 15945  731.00000   61  103  770.00000  698.00000  9.35%   311 5325s
 210050 16110 infeasible   57       770.00000  698.00000  9.35%   313 5676s
H210249 16110                     769.9999998  698.00000  9.35%   314 5677s
H211027 15980                     769.9999996  698.00000  9.35%   315 5677s
 212095 15986 infeasible   58       770.00000  698.00000  9.35%   316 6202s
 212172 20003 infeasible   58       770.00000  698.00000  9.35%   317 7520s
 216747 20003  698.00000   50  149  770.00000  698.00000  9.35%   321 7525s
 244204 20385  723.00000   64   94  770.00000  698.00000  9.35%   343 7728s
 246759 20850  714.00000   50  147  770.00000  698.00000  9.35%   345 8118s
 248471 20850 infeasible   61       770.00000  698.00000  9.35%   347 8120s
 250675 21833 infeasible   55       770.00000  698.00000  9.35%   348 8372s
 258653 22119  752.55612   57  110  770.00000  698.00000  9.35%   353 8710s
 261479 22773 infeasible   73       770.00000  698.00000  9.35%   355 8903s
 267942 22953 infeasible   70       770.00000  698.00000  9.35%   357 9236s
 270870 23252 infeasible   60       770.00000  698.00000  9.35%   359 9403s
 273859 23252  698.95390   60  154  770.00000  698.08632  9.34%   360 9405s
 274526 23496 infeasible   66       770.00000  698.11511  9.34%   360 9529s
 278779 23512 infeasible   63       770.00000  698.18339  9.33%   361 9901s
 281041 23416  747.00000   54  177  770.00000  698.25062  9.32%   362 10030s
H282484 23416                     769.9999990  698.29592  9.31%   362 10031s
 283576 23351 infeasible   67       770.00000  698.55787  9.28%   363 10188s
H283982 23351                     769.9999989  698.56818  9.28%   363 10188s
 286098 23283  702.87538   54  160  770.00000  698.85846  9.24%   363 10353s
 288535 23079  710.00000   50  163  770.00000  699.13065  9.20%   364 10501s
 292742 22996  714.00000   64  111  770.00000  699.99180  9.09%   366 10653s
 296482 23061 infeasible   63       770.00000  700.75000  8.99%   368 10790s
 300891 23013  723.00000   64  113  770.00000  701.00000  8.96%   368 10915s
 304655 22914  715.80303   57  145  770.00000  701.90324  8.84%   370 11044s
 308477 22914  703.23169   55  166  770.00000  702.04937  8.82%   371 11046s
 308614 22824 infeasible   73       770.00000  702.25182  8.80%   371 11147s
 312100 22611  723.03690   68  141  770.00000  702.52345  8.76%   371 11257s
 315344 22787  729.00000   51  123  770.00000  704.00000  8.57%   372 11377s
 319584 22548  706.77975   64  111  770.00000  704.00000  8.57%   372 11482s
 322736 22470 infeasible   67       770.00000  704.85106  8.46%   372 11586s
 325834 21841  725.00000   50  145  770.00000  706.00000  8.31%   373 11705s
 328520 21418 infeasible   59       770.00000  707.00000  8.18%   373 11830s
 331563 20791 infeasible   66       770.00000  708.00000  8.05%   374 11948s
 334864 20426  740.69818   69  162  770.00000  710.66667  7.71%   374 12068s
 337917 20185 infeasible   67       770.00000  713.92282  7.28%   375 12176s
 340172 19659 infeasible   66       770.00000  714.00000  7.27%   376 12392s
 344307 19659  714.00000   57  130  770.00000  714.00000  7.27%   376 12397s
 344838 19121  714.00000   64  101  770.00000  714.00000  7.27%   377 12584s
 344971 19121 infeasible   64       770.00000  714.00000  7.27%   377 12585s
 348682 18659  714.00000   65  194  770.00000  714.00000  7.27%   378 12798s
 352709 18115 infeasible   74       770.00000  714.00000  7.27%   380 13032s
 357303 17098  729.60000   60   99  770.00000  714.00000  7.27%   381 13206s
 361446 16074 infeasible   67       770.00000  714.04844  7.27%   382 13369s
 362901 16074  741.53617   62   76  770.00000  714.32793  7.23%   382 13370s
 365500 15362 infeasible   57       770.00000  718.00000  6.75%   382 13544s
 367354 15362 infeasible   74       770.00000  718.00072  6.75%   382 13545s
 369484 14839 infeasible   67       770.00000  720.00000  6.49%   382 13668s
 372195 13874  723.00000   67  102  770.00000  723.00000  6.10%   383 13900s
 376216 12856 infeasible   67       770.00000  723.00000  6.10%   385 14154s
 380684 11845  755.00000   69   78  770.00000  723.00000  6.10%   386 14363s
 382842 11845 infeasible   66       770.00000  723.00000  6.10%   387 14365s
 384704 10793     cutoff   70       770.00000  723.00000  6.10%   387 14521s
 388117  9103 infeasible   70       770.00000  723.00000  6.10%   388 14641s
 392599  7661  742.00000   65   75  770.00000  730.00000  5.19%   388 14735s
 395531  7283 infeasible   63       770.00000  733.00000  4.81%   388 14985s
 396376  5635 infeasible   67       770.00000  733.00000  4.81%   388 15065s
 400537  3400 infeasible   61       770.00000  737.00000  4.29%   389 15145s
 405027  1016 infeasible   50       770.00000  743.40914  3.45%   388 15220s
 410714     0 infeasible   66       770.00000  755.00000  1.95%   386 15257s

Cutting planes:
  Learned: 12
  Gomory: 689
  Lift-and-project: 141
  Cover: 6619
  Implied bound: 607
  Projected implied bound: 22
  Clique: 71
  MIR: 5460
  Mixing: 908
  StrongCG: 441
  Flow cover: 34603
  GUB cover: 2
  Inf proof: 6620
  Zero half: 78
  RLT: 279
  Relax-and-lift: 186

Explored 415797 nodes (158926977 simplex iterations) in 15261.08 seconds (10149.44 work units)
Thread count was 32 (of 128 available processors)

Solution count 10: 770 770 770 ... 822

Optimal solution found (tolerance 1.00e-04)
Best objective 7.700000000000e+02, best bound 7.700000000000e+02, gap 0.0000%
the solution is : 770.0
checking if the solution satisfies the constraints of MILP
shape of para_a = (90, 90, 6)
the solution satisfies the constraints of MILP formulation.
checking if the solution satisfies the constraints of CP
inferring var_u with eq. (24)
checking eq. (24)
the solution satisfies the constraints of CP formulation.
congragulations! Everything is good now.
